<?xml version="1.0" encoding="UTF-8"?>
<testng-results ignored="0" total="1" passed="1" failed="0" skipped="0">
  <reporter-output>
  </reporter-output>
  <suite started-at="2024-08-09T12:20:27 IST" name="Default suite" finished-at="2024-08-09T12:20:46 IST" duration-ms="18542">
    <groups>
    </groups>
    <test started-at="2024-08-09T12:20:27 IST" name="Default test" finished-at="2024-08-09T12:20:46 IST" duration-ms="18542">
      <class name="extentReports.ToaddScreenshotIntoReports">
        <test-method signature="addScreenshot()[pri:0, instance:extentReports.ToaddScreenshotIntoReports@1623b78d]" started-at="2024-08-09T12:20:27 IST" name="addScreenshot" finished-at="2024-08-09T12:20:46 IST" duration-ms="18477" status="PASS">
          <reporter-output>
          </reporter-output>
        </test-method> <!-- addScreenshot -->
      </class> <!-- extentReports.ToaddScreenshotIntoReports -->
    </test> <!-- Default test -->
  </suite> <!-- Default suite -->
</testng-results>
